1665868297999	geckodriver	INFO	Listening on 127.0.0.1:57421
1665868301027	mozrunner::runner	INFO	Running command: "C:\\Program Files\\Mozilla Firefox\\firefox.exe" "--marionette" "--remote-debugging-port" "57422" "--remote-allow-hosts" "localhost" "-no-remote" "-profile" "C:\\Users\\kacpe\\AppData\\Local\\Temp\\rust_mozprofilexpumXK"
1665868301437	Marionette	INFO	Marionette enabled
1665868301441	Marionette	INFO	Listening on port 57433
Read port: 57433
WebDriver BiDi listening on ws://127.0.0.1:57422
1665868301539	RemoteAgent	WARN	TLS certificate errors will be ignored for this session
console.warn: SearchSettings: "get: No settings file exists, new profile?" (new NotFoundError("Could not open the file at C:\\Users\\kacpe\\AppData\\Local\\Temp\\rust_mozprofilexpumXK\\search.json.mozlz4", (void 0)))
DevTools listening on ws://127.0.0.1:57422/devtools/browser/4ffca2f2-3dc2-4835-aa67-b41fe7482539
JavaScript warning: https://static.xx.fbcdn.net/rsrc.php/v3i0nN4/y3/l/pl_PL/jPd4JlChcwr.js?_nc_x=Ij3Wp8lg5Kz, line 21: WEBGL_debug_renderer_info is deprecated in Firefox and will be removed. Please use RENDERER.
console.warn: LoginRecipes: "Falling back to a synchronous message for: https://www.facebook.com."
console.warn: LoginRecipes: "Falling back to a synchronous message for: https://www.facebook.com."
console.warn: LoginRecipes: "Falling back to a synchronous message for: https://www.facebook.com."
JavaScript error: https://static.xx.fbcdn.net/rsrc.php/v3iwWV4/yN/l/makehaste_jhash/GP_-AeYTEIFSgyUOapFXQ77g5lsTUp_djBmCK4eWE-a_xwjLemxVcZ20hEXdtzv85KjX880_PmUa80Ie7U8cDy5l_uQgTRNCO2XhY7SPgimdsgslRP1ed5dH1XmTRN1BqGFDVLre1HlDkDFXZT7aT8d0tdmUwxCe8ysYcuKakxgg1_WGAYwVNLBso4-mo_cTKL6i96n4f_qAHPtaqJD2zpqch7rwCh-jQyKt3ntAU27pxzXGQ307eCeKIWuYm.js?_nc_x=T48oKnQGYXd, line 617: Error: Minified React error #418; visit https://reactjs.org/docs/error-decoder.html?invariant=418 for the full message or use the non-minified dev environment for full errors and additional helpful warnings.
JavaScript error: https://static.xx.fbcdn.net/rsrc.php/v3iwWV4/yN/l/makehaste_jhash/GP_-AeYTEIFSgyUOapFXQ77g5lsTUp_djBmCK4eWE-a_xwjLemxVcZ20hEXdtzv85KjX880_PmUa80Ie7U8cDy5l_uQgTRNCO2XhY7SPgimdsgslRP1ed5dH1XmTRN1BqGFDVLre1HlDkDFXZT7aT8d0tdmUwxCe8ysYcuKakxgg1_WGAYwVNLBso4-mo_cTKL6i96n4f_qAHPtaqJD2zpqch7rwCh-jQyKt3ntAU27pxzXGQ307eCeKIWuYm.js?_nc_x=T48oKnQGYXd, line 617: Error: Minified React error #423; visit https://reactjs.org/docs/error-decoder.html?invariant=423 for the full message or use the non-minified dev environment for full errors and additional helpful warnings.
JavaScript warning: https://static.xx.fbcdn.net/rsrc.php/v3iysB4/yb/l/makehaste_jhash/2sg0oWX_aL9.js?_nc_x=T48oKnQGYXd, line 146: WEBGL_debug_renderer_info is deprecated in Firefox and will be removed. Please use RENDERER.
console.warn: LoginRecipes: "Falling back to a synchronous message for: https://www.facebook.com."
console.warn: LoginRecipes: "Falling back to a synchronous message for: https://www.facebook.com."
JavaScript error: https://static.xx.fbcdn.net/rsrc.php/v3iwWV4/yN/l/makehaste_jhash/GP_-AeYTEIFSgyUOapFXQ77g5lsTUp_djBmCK4eWE-a_xwjLemxVcZ20hEXdtzv85KjX880_PmUa80Ie7U8cDy5l_uQgTRNCO2XhY7SPgimdsgslRP1ed5dH1XmTRN1BqGFDVLre1HlDkDFXZT7aT8d0tdmUwxCe8ysYcuKakxgg1_WGAYwVNLBso4-mo_cTKL6i96n4f_qAHPtaqJD2zpqch7rwCh-jQyKt3ntAU27pxzXGQ307eCeKIWuYm.js?_nc_x=T48oKnQGYXd, line 617: Error: Minified React error #418; visit https://reactjs.org/docs/error-decoder.html?invariant=418 for the full message or use the non-minified dev environment for full errors and additional helpful warnings.
JavaScript error: https://static.xx.fbcdn.net/rsrc.php/v3iwWV4/yN/l/makehaste_jhash/GP_-AeYTEIFSgyUOapFXQ77g5lsTUp_djBmCK4eWE-a_xwjLemxVcZ20hEXdtzv85KjX880_PmUa80Ie7U8cDy5l_uQgTRNCO2XhY7SPgimdsgslRP1ed5dH1XmTRN1BqGFDVLre1HlDkDFXZT7aT8d0tdmUwxCe8ysYcuKakxgg1_WGAYwVNLBso4-mo_cTKL6i96n4f_qAHPtaqJD2zpqch7rwCh-jQyKt3ntAU27pxzXGQ307eCeKIWuYm.js?_nc_x=T48oKnQGYXd, line 617: Error: Minified React error #423; visit https://reactjs.org/docs/error-decoder.html?invariant=423 for the full message or use the non-minified dev environment for full errors and additional helpful warnings.
1665868384524	Marionette	INFO	Stopped listening on port 57433
console.warn: TopSitesFeed: Failed to fetch data from Contile server: NetworkError when attempting to fetch resource.
1665868412410	geckodriver	INFO	Listening on 127.0.0.1:57760
1665868415493	mozrunner::runner	INFO	Running command: "C:\\Program Files\\Mozilla Firefox\\firefox.exe" "--marionette" "--remote-debugging-port" "57761" "--remote-allow-hosts" "localhost" "-no-remote" "-profile" "C:\\Users\\kacpe\\AppData\\Local\\Temp\\rust_mozprofile8Oj00Q"
1665868416153	Marionette	INFO	Marionette enabled
1665868416156	Marionette	INFO	Listening on port 57772
Read port: 57772
WebDriver BiDi listening on ws://127.0.0.1:57761
1665868416264	RemoteAgent	WARN	TLS certificate errors will be ignored for this session
console.warn: SearchSettings: "get: No settings file exists, new profile?" (new NotFoundError("Could not open the file at C:\\Users\\kacpe\\AppData\\Local\\Temp\\rust_mozprofile8Oj00Q\\search.json.mozlz4", (void 0)))
DevTools listening on ws://127.0.0.1:57761/devtools/browser/416693dd-e26a-46f3-ab8f-29285e3c20c2
JavaScript warning: https://static.xx.fbcdn.net/rsrc.php/v3i0nN4/y3/l/pl_PL/jPd4JlChcwr.js?_nc_x=Ij3Wp8lg5Kz, line 21: WEBGL_debug_renderer_info is deprecated in Firefox and will be removed. Please use RENDERER.
console.warn: LoginRecipes: "Falling back to a synchronous message for: https://www.facebook.com."
JavaScript error: https://static.xx.fbcdn.net/rsrc.php/v3iwWV4/yN/l/makehaste_jhash/GP_-AeYTEIFSgyUOapFXQ77g5lsTUp_djBmCK4eWE-a_xwjLemxVcZ20hEXdtzv85KjX880_PmUa80Ie7U8cDy5l_uQgTRNCO2XhY7SPgimdsgslRP1ed5dH1XmTRN1BqGFDVLre1HlDkDFXZT7aT8d0tdmUwxCe8ysYcuKakxgg1_WGAYwVNLBso4-mo_cTKL6i96n4f_qAHPtaqJD2zpqch7rwCh-jQyKt3ntAU27pxzXGQ307eCeKIWuYm.js?_nc_x=T48oKnQGYXd, line 617: Error: Minified React error #418; visit https://reactjs.org/docs/error-decoder.html?invariant=418 for the full message or use the non-minified dev environment for full errors and additional helpful warnings.
JavaScript error: https://static.xx.fbcdn.net/rsrc.php/v3iwWV4/yN/l/makehaste_jhash/GP_-AeYTEIFSgyUOapFXQ77g5lsTUp_djBmCK4eWE-a_xwjLemxVcZ20hEXdtzv85KjX880_PmUa80Ie7U8cDy5l_uQgTRNCO2XhY7SPgimdsgslRP1ed5dH1XmTRN1BqGFDVLre1HlDkDFXZT7aT8d0tdmUwxCe8ysYcuKakxgg1_WGAYwVNLBso4-mo_cTKL6i96n4f_qAHPtaqJD2zpqch7rwCh-jQyKt3ntAU27pxzXGQ307eCeKIWuYm.js?_nc_x=T48oKnQGYXd, line 617: Error: Minified React error #423; visit https://reactjs.org/docs/error-decoder.html?invariant=423 for the full message or use the non-minified dev environment for full errors and additional helpful warnings.
JavaScript error: https://static.xx.fbcdn.net/rsrc.php/v3iwWV4/yN/l/makehaste_jhash/GP_-AeYTEIFSgyUOapFXQ77g5lsTUp_djBmCK4eWE-a_xwjLemxVcZ20hEXdtzv85KjX880_PmUa80Ie7U8cDy5l_uQgTRNCO2XhY7SPgimdsgslRP1ed5dH1XmTRN1BqGFDVLre1HlDkDFXZT7aT8d0tdmUwxCe8ysYcuKakxgg1_WGAYwVNLBso4-mo_cTKL6i96n4f_qAHPtaqJD2zpqch7rwCh-jQyKt3ntAU27pxzXGQ307eCeKIWuYm.js?_nc_x=T48oKnQGYXd, line 617: Error: Minified React error #418; visit https://reactjs.org/docs/error-decoder.html?invariant=418 for the full message or use the non-minified dev environment for full errors and additional helpful warnings.
JavaScript error: https://static.xx.fbcdn.net/rsrc.php/v3iwWV4/yN/l/makehaste_jhash/GP_-AeYTEIFSgyUOapFXQ77g5lsTUp_djBmCK4eWE-a_xwjLemxVcZ20hEXdtzv85KjX880_PmUa80Ie7U8cDy5l_uQgTRNCO2XhY7SPgimdsgslRP1ed5dH1XmTRN1BqGFDVLre1HlDkDFXZT7aT8d0tdmUwxCe8ysYcuKakxgg1_WGAYwVNLBso4-mo_cTKL6i96n4f_qAHPtaqJD2zpqch7rwCh-jQyKt3ntAU27pxzXGQ307eCeKIWuYm.js?_nc_x=T48oKnQGYXd, line 617: Error: Minified React error #423; visit https://reactjs.org/docs/error-decoder.html?invariant=423 for the full message or use the non-minified dev environment for full errors and additional helpful warnings.
JavaScript error: https://static.xx.fbcdn.net/rsrc.php/v3iwWV4/yN/l/makehaste_jhash/GP_-AeYTEIFSgyUOapFXQ77g5lsTUp_djBmCK4eWE-a_xwjLemxVcZ20hEXdtzv85KjX880_PmUa80Ie7U8cDy5l_uQgTRNCO2XhY7SPgimdsgslRP1ed5dH1XmTRN1BqGFDVLre1HlDkDFXZT7aT8d0tdmUwxCe8ysYcuKakxgg1_WGAYwVNLBso4-mo_cTKL6i96n4f_qAHPtaqJD2zpqch7rwCh-jQyKt3ntAU27pxzXGQ307eCeKIWuYm.js?_nc_x=T48oKnQGYXd, line 617: Error: Minified React error #418; visit https://reactjs.org/docs/error-decoder.html?invariant=418 for the full message or use the non-minified dev environment for full errors and additional helpful warnings.
JavaScript error: https://static.xx.fbcdn.net/rsrc.php/v3iwWV4/yN/l/makehaste_jhash/GP_-AeYTEIFSgyUOapFXQ77g5lsTUp_djBmCK4eWE-a_xwjLemxVcZ20hEXdtzv85KjX880_PmUa80Ie7U8cDy5l_uQgTRNCO2XhY7SPgimdsgslRP1ed5dH1XmTRN1BqGFDVLre1HlDkDFXZT7aT8d0tdmUwxCe8ysYcuKakxgg1_WGAYwVNLBso4-mo_cTKL6i96n4f_qAHPtaqJD2zpqch7rwCh-jQyKt3ntAU27pxzXGQ307eCeKIWuYm.js?_nc_x=T48oKnQGYXd, line 617: Error: Minified React error #423; visit https://reactjs.org/docs/error-decoder.html?invariant=423 for the full message or use the non-minified dev environment for full errors and additional helpful warnings.
1665868568810	Marionette	INFO	Stopped listening on port 57772
console.warn: TopSitesFeed: Failed to fetch data from Contile server: NetworkError when attempting to fetch resource.
1665868574308	geckodriver	INFO	Listening on 127.0.0.1:58124
1665868577409	mozrunner::runner	INFO	Running command: "C:\\Program Files\\Mozilla Firefox\\firefox.exe" "--marionette" "--remote-debugging-port" "58125" "--remote-allow-hosts" "localhost" "-no-remote" "-profile" "C:\\Users\\kacpe\\AppData\\Local\\Temp\\rust_mozprofileWtGNSy"
1665868577895	Marionette	INFO	Marionette enabled
1665868577899	Marionette	INFO	Listening on port 58135
WebDriver BiDi listening on ws://127.0.0.1:58125
Read port: 58135
1665868578130	RemoteAgent	WARN	TLS certificate errors will be ignored for this session
console.warn: SearchSettings: "get: No settings file exists, new profile?" (new NotFoundError("Could not open the file at C:\\Users\\kacpe\\AppData\\Local\\Temp\\rust_mozprofileWtGNSy\\search.json.mozlz4", (void 0)))
DevTools listening on ws://127.0.0.1:58125/devtools/browser/a97ec331-96ab-4fe7-a558-db8fd5c06b8d
JavaScript warning: https://static.xx.fbcdn.net/rsrc.php/v3i0nN4/y3/l/pl_PL/jPd4JlChcwr.js?_nc_x=Ij3Wp8lg5Kz, line 21: WEBGL_debug_renderer_info is deprecated in Firefox and will be removed. Please use RENDERER.
console.warn: LoginRecipes: "Falling back to a synchronous message for: https://www.facebook.com."
JavaScript error: https://static.xx.fbcdn.net/rsrc.php/v3iwWV4/yN/l/makehaste_jhash/GP_-AeYTEIFSgyUOapFXQ77g5lsTUp_djBmCK4eWE-a_xwjLemxVcZ20hEXdtzv85KjX880_PmUa80Ie7U8cDy5l_uQgTRNCO2XhY7SPgimdsgslRP1ed5dH1XmTRN1BqGFDVLre1HlDkDFXZT7aT8d0tdmUwxCe8ysYcuKakxgg1_WGAYwVNLBso4-mo_cTKL6i96n4f_qAHPtaqJD2zpqch7rwCh-jQyKt3ntAU27pxzXGQ307eCeKIWuYm.js?_nc_x=T48oKnQGYXd, line 617: Error: Minified React error #418; visit https://reactjs.org/docs/error-decoder.html?invariant=418 for the full message or use the non-minified dev environment for full errors and additional helpful warnings.
JavaScript error: https://static.xx.fbcdn.net/rsrc.php/v3iwWV4/yN/l/makehaste_jhash/GP_-AeYTEIFSgyUOapFXQ77g5lsTUp_djBmCK4eWE-a_xwjLemxVcZ20hEXdtzv85KjX880_PmUa80Ie7U8cDy5l_uQgTRNCO2XhY7SPgimdsgslRP1ed5dH1XmTRN1BqGFDVLre1HlDkDFXZT7aT8d0tdmUwxCe8ysYcuKakxgg1_WGAYwVNLBso4-mo_cTKL6i96n4f_qAHPtaqJD2zpqch7rwCh-jQyKt3ntAU27pxzXGQ307eCeKIWuYm.js?_nc_x=T48oKnQGYXd, line 617: Error: Minified React error #423; visit https://reactjs.org/docs/error-decoder.html?invariant=423 for the full message or use the non-minified dev environment for full errors and additional helpful warnings.
JavaScript error: https://static.xx.fbcdn.net/rsrc.php/v3iwWV4/yN/l/makehaste_jhash/GP_-AeYTEIFSgyUOapFXQ77g5lsTUp_djBmCK4eWE-a_xwjLemxVcZ20hEXdtzv85KjX880_PmUa80Ie7U8cDy5l_uQgTRNCO2XhY7SPgimdsgslRP1ed5dH1XmTRN1BqGFDVLre1HlDkDFXZT7aT8d0tdmUwxCe8ysYcuKakxgg1_WGAYwVNLBso4-mo_cTKL6i96n4f_qAHPtaqJD2zpqch7rwCh-jQyKt3ntAU27pxzXGQ307eCeKIWuYm.js?_nc_x=T48oKnQGYXd, line 617: Error: Minified React error #418; visit https://reactjs.org/docs/error-decoder.html?invariant=418 for the full message or use the non-minified dev environment for full errors and additional helpful warnings.
JavaScript error: https://static.xx.fbcdn.net/rsrc.php/v3iwWV4/yN/l/makehaste_jhash/GP_-AeYTEIFSgyUOapFXQ77g5lsTUp_djBmCK4eWE-a_xwjLemxVcZ20hEXdtzv85KjX880_PmUa80Ie7U8cDy5l_uQgTRNCO2XhY7SPgimdsgslRP1ed5dH1XmTRN1BqGFDVLre1HlDkDFXZT7aT8d0tdmUwxCe8ysYcuKakxgg1_WGAYwVNLBso4-mo_cTKL6i96n4f_qAHPtaqJD2zpqch7rwCh-jQyKt3ntAU27pxzXGQ307eCeKIWuYm.js?_nc_x=T48oKnQGYXd, line 617: Error: Minified React error #423; visit https://reactjs.org/docs/error-decoder.html?invariant=423 for the full message or use the non-minified dev environment for full errors and additional helpful warnings.
JavaScript error: https://static.xx.fbcdn.net/rsrc.php/v3iwWV4/yN/l/makehaste_jhash/GP_-AeYTEIFSgyUOapFXQ77g5lsTUp_djBmCK4eWE-a_xwjLemxVcZ20hEXdtzv85KjX880_PmUa80Ie7U8cDy5l_uQgTRNCO2XhY7SPgimdsgslRP1ed5dH1XmTRN1BqGFDVLre1HlDkDFXZT7aT8d0tdmUwxCe8ysYcuKakxgg1_WGAYwVNLBso4-mo_cTKL6i96n4f_qAHPtaqJD2zpqch7rwCh-jQyKt3ntAU27pxzXGQ307eCeKIWuYm.js?_nc_x=T48oKnQGYXd, line 617: Error: Minified React error #418; visit https://reactjs.org/docs/error-decoder.html?invariant=418 for the full message or use the non-minified dev environment for full errors and additional helpful warnings.
JavaScript error: https://static.xx.fbcdn.net/rsrc.php/v3iwWV4/yN/l/makehaste_jhash/GP_-AeYTEIFSgyUOapFXQ77g5lsTUp_djBmCK4eWE-a_xwjLemxVcZ20hEXdtzv85KjX880_PmUa80Ie7U8cDy5l_uQgTRNCO2XhY7SPgimdsgslRP1ed5dH1XmTRN1BqGFDVLre1HlDkDFXZT7aT8d0tdmUwxCe8ysYcuKakxgg1_WGAYwVNLBso4-mo_cTKL6i96n4f_qAHPtaqJD2zpqch7rwCh-jQyKt3ntAU27pxzXGQ307eCeKIWuYm.js?_nc_x=T48oKnQGYXd, line 617: Error: Minified React error #423; visit https://reactjs.org/docs/error-decoder.html?invariant=423 for the full message or use the non-minified dev environment for full errors and additional helpful warnings.
JavaScript error: https://static.xx.fbcdn.net/rsrc.php/v3iwWV4/yN/l/makehaste_jhash/GP_-AeYTEIFSgyUOapFXQ77g5lsTUp_djBmCK4eWE-a_xwjLemxVcZ20hEXdtzv85KjX880_PmUa80Ie7U8cDy5l_uQgTRNCO2XhY7SPgimdsgslRP1ed5dH1XmTRN1BqGFDVLre1HlDkDFXZT7aT8d0tdmUwxCe8ysYcuKakxgg1_WGAYwVNLBso4-mo_cTKL6i96n4f_qAHPtaqJD2zpqch7rwCh-jQyKt3ntAU27pxzXGQ307eCeKIWuYm.js?_nc_x=T48oKnQGYXd, line 617: Error: Minified React error #418; visit https://reactjs.org/docs/error-decoder.html?invariant=418 for the full message or use the non-minified dev environment for full errors and additional helpful warnings.
JavaScript error: https://static.xx.fbcdn.net/rsrc.php/v3iwWV4/yN/l/makehaste_jhash/GP_-AeYTEIFSgyUOapFXQ77g5lsTUp_djBmCK4eWE-a_xwjLemxVcZ20hEXdtzv85KjX880_PmUa80Ie7U8cDy5l_uQgTRNCO2XhY7SPgimdsgslRP1ed5dH1XmTRN1BqGFDVLre1HlDkDFXZT7aT8d0tdmUwxCe8ysYcuKakxgg1_WGAYwVNLBso4-mo_cTKL6i96n4f_qAHPtaqJD2zpqch7rwCh-jQyKt3ntAU27pxzXGQ307eCeKIWuYm.js?_nc_x=T48oKnQGYXd, line 617: Error: Minified React error #423; visit https://reactjs.org/docs/error-decoder.html?invariant=423 for the full message or use the non-minified dev environment for full errors and additional helpful warnings.
1665868712641	Marionette	INFO	Stopped listening on port 58135
console.warn: TopSitesFeed: Failed to fetch data from Contile server: NetworkError when attempting to fetch resource.
